**********************
Windows PowerShell transcript start
Start time: 20220414092817
Username: FCCLABS\Nick
RunAs User: FCCLABS\Nick
Machine: FCC-UTILITY-1 (Microsoft Windows NT 10.0.14393.0)
Host Application: C:\Windows\system32\WindowsPowerShell\v1.0\PowerShell_ISE.exe
Process ID: 7328
PSVersion: 5.1.14393.3471
PSEdition: Desktop
PSCompatibleVersions: 1.0, 2.0, 3.0, 4.0, 5.0, 5.1.14393.3471
BuildVersion: 10.0.14393.3471
CLRVersion: 4.0.30319.42000
WSManStackVersion: 3.0
PSRemotingProtocolVersion: 2.3
SerializationVersion: 1.1.0.1
**********************
.\du.exe : Processing...
At C:\HashCheck\hashcheck.ps1:48 char:32
+                 $hashstring1 = .\du.exe $sourceHashLocation | Select- ...
+                                ~~~~~~~~~~~~~~~~~~~~~~~~~~~~
    + CategoryInfo          : NotSpecified: (Processing...:String) [], RemoteException
    + FullyQualifiedErrorId : NativeCommandError
.\du.exe : Processing...
At C:\HashCheck\hashcheck.ps1:48 char:32
+                 $hashstring1 = .\du.exe $sourceHashLocation | Select- ...
+                                ~~~~~~~~~~~~~~~~~~~~~~~~~~~~
    + CategoryInfo          : NotSpecified: (Processing...:String) [], RemoteException
    + FullyQualifiedErrorId : NativeCommandError




.\du.exe : Processing...
At C:\HashCheck\hashcheck.ps1:57 char:32
+ ...              $hashstring2 = .\du.exe $destinationHashLocation | Selec ...
+                                 ~~~~~~~~~~~~~~~~~~~~~~~~~~~~~~~~~
    + CategoryInfo          : NotSpecified: (Processing...:String) [], RemoteException
    + FullyQualifiedErrorId : NativeCommandError
.\du.exe : Processing...
At C:\HashCheck\hashcheck.ps1:57 char:32
+ ...              $hashstring2 = .\du.exe $destinationHashLocation | Selec ...
+                                 ~~~~~~~~~~~~~~~~~~~~~~~~~~~~~~~~~
    + CategoryInfo          : NotSpecified: (Processing...:String) [], RemoteException
    + FullyQualifiedErrorId : NativeCommandError




.\du.exe : Processing...
At C:\HashCheck\hashcheck.ps1:48 char:32
+                 $hashstring1 = .\du.exe $sourceHashLocation | Select- ...
+                                ~~~~~~~~~~~~~~~~~~~~~~~~~~~~
    + CategoryInfo          : NotSpecified: (Processing...:String) [], RemoteException
    + FullyQualifiedErrorId : NativeCommandError
.\du.exe : Processing...
At C:\HashCheck\hashcheck.ps1:48 char:32
+                 $hashstring1 = .\du.exe $sourceHashLocation | Select- ...
+                                ~~~~~~~~~~~~~~~~~~~~~~~~~~~~
    + CategoryInfo          : NotSpecified: (Processing...:String) [], RemoteException
    + FullyQualifiedErrorId : NativeCommandError




.\du.exe : Processing...
At C:\HashCheck\hashcheck.ps1:57 char:32
+ ...              $hashstring2 = .\du.exe $destinationHashLocation | Selec ...
+                                 ~~~~~~~~~~~~~~~~~~~~~~~~~~~~~~~~~
    + CategoryInfo          : NotSpecified: (Processing...:String) [], RemoteException
    + FullyQualifiedErrorId : NativeCommandError
.\du.exe : Processing...
At C:\HashCheck\hashcheck.ps1:57 char:32
+ ...              $hashstring2 = .\du.exe $destinationHashLocation | Selec ...
+                                 ~~~~~~~~~~~~~~~~~~~~~~~~~~~~~~~~~
    + CategoryInfo          : NotSpecified: (Processing...:String) [], RemoteException
    + FullyQualifiedErrorId : NativeCommandError




.\du.exe : Processing...
At C:\HashCheck\hashcheck.ps1:48 char:32
+                 $hashstring1 = .\du.exe $sourceHashLocation | Select- ...
+                                ~~~~~~~~~~~~~~~~~~~~~~~~~~~~
    + CategoryInfo          : NotSpecified: (Processing...:String) [], RemoteException
    + FullyQualifiedErrorId : NativeCommandError
.\du.exe : Processing...
At C:\HashCheck\hashcheck.ps1:48 char:32
+                 $hashstring1 = .\du.exe $sourceHashLocation | Select- ...
+                                ~~~~~~~~~~~~~~~~~~~~~~~~~~~~
    + CategoryInfo          : NotSpecified: (Processing...:String) [], RemoteException
    + FullyQualifiedErrorId : NativeCommandError




.\du.exe : Processing...
At C:\HashCheck\hashcheck.ps1:57 char:32
+ ...              $hashstring2 = .\du.exe $destinationHashLocation | Selec ...
+                                 ~~~~~~~~~~~~~~~~~~~~~~~~~~~~~~~~~
    + CategoryInfo          : NotSpecified: (Processing...:String) [], RemoteException
    + FullyQualifiedErrorId : NativeCommandError
.\du.exe : Processing...
At C:\HashCheck\hashcheck.ps1:57 char:32
+ ...              $hashstring2 = .\du.exe $destinationHashLocation | Selec ...
+                                 ~~~~~~~~~~~~~~~~~~~~~~~~~~~~~~~~~
    + CategoryInfo          : NotSpecified: (Processing...:String) [], RemoteException
    + FullyQualifiedErrorId : NativeCommandError




.\du.exe : Processing...
At C:\HashCheck\hashcheck.ps1:48 char:32
+                 $hashstring1 = .\du.exe $sourceHashLocation | Select- ...
+                                ~~~~~~~~~~~~~~~~~~~~~~~~~~~~
    + CategoryInfo          : NotSpecified: (Processing...:String) [], RemoteException
    + FullyQualifiedErrorId : NativeCommandError
.\du.exe : Processing...
At C:\HashCheck\hashcheck.ps1:48 char:32
+                 $hashstring1 = .\du.exe $sourceHashLocation | Select- ...
+                                ~~~~~~~~~~~~~~~~~~~~~~~~~~~~
    + CategoryInfo          : NotSpecified: (Processing...:String) [], RemoteException
    + FullyQualifiedErrorId : NativeCommandError




.\du.exe : Processing...
At C:\HashCheck\hashcheck.ps1:57 char:32
+ ...              $hashstring2 = .\du.exe $destinationHashLocation | Selec ...
+                                 ~~~~~~~~~~~~~~~~~~~~~~~~~~~~~~~~~
    + CategoryInfo          : NotSpecified: (Processing...:String) [], RemoteException
    + FullyQualifiedErrorId : NativeCommandError
.\du.exe : Processing...
At C:\HashCheck\hashcheck.ps1:57 char:32
+ ...              $hashstring2 = .\du.exe $destinationHashLocation | Selec ...
+                                 ~~~~~~~~~~~~~~~~~~~~~~~~~~~~~~~~~
    + CategoryInfo          : NotSpecified: (Processing...:String) [], RemoteException
    + FullyQualifiedErrorId : NativeCommandError




.\du.exe : Processing...
At C:\HashCheck\hashcheck.ps1:48 char:32
+                 $hashstring1 = .\du.exe $sourceHashLocation | Select- ...
+                                ~~~~~~~~~~~~~~~~~~~~~~~~~~~~
    + CategoryInfo          : NotSpecified: (Processing...:String) [], RemoteException
    + FullyQualifiedErrorId : NativeCommandError
.\du.exe : Processing...
At C:\HashCheck\hashcheck.ps1:48 char:32
+                 $hashstring1 = .\du.exe $sourceHashLocation | Select- ...
+                                ~~~~~~~~~~~~~~~~~~~~~~~~~~~~
    + CategoryInfo          : NotSpecified: (Processing...:String) [], RemoteException
    + FullyQualifiedErrorId : NativeCommandError




.\du.exe : Processing...
At C:\HashCheck\hashcheck.ps1:57 char:32
+ ...              $hashstring2 = .\du.exe $destinationHashLocation | Selec ...
+                                 ~~~~~~~~~~~~~~~~~~~~~~~~~~~~~~~~~
    + CategoryInfo          : NotSpecified: (Processing...:String) [], RemoteException
    + FullyQualifiedErrorId : NativeCommandError
.\du.exe : Processing...
At C:\HashCheck\hashcheck.ps1:57 char:32
+ ...              $hashstring2 = .\du.exe $destinationHashLocation | Selec ...
+                                 ~~~~~~~~~~~~~~~~~~~~~~~~~~~~~~~~~
    + CategoryInfo          : NotSpecified: (Processing...:String) [], RemoteException
    + FullyQualifiedErrorId : NativeCommandError




.\du.exe : Processing...
At C:\HashCheck\hashcheck.ps1:48 char:32
+                 $hashstring1 = .\du.exe $sourceHashLocation | Select- ...
+                                ~~~~~~~~~~~~~~~~~~~~~~~~~~~~
    + CategoryInfo          : NotSpecified: (Processing...:String) [], RemoteException
    + FullyQualifiedErrorId : NativeCommandError
.\du.exe : Processing...
At C:\HashCheck\hashcheck.ps1:48 char:32
+                 $hashstring1 = .\du.exe $sourceHashLocation | Select- ...
+                                ~~~~~~~~~~~~~~~~~~~~~~~~~~~~
    + CategoryInfo          : NotSpecified: (Processing...:String) [], RemoteException
    + FullyQualifiedErrorId : NativeCommandError




.\du.exe : Processing...
At C:\HashCheck\hashcheck.ps1:57 char:32
+ ...              $hashstring2 = .\du.exe $destinationHashLocation | Selec ...
+                                 ~~~~~~~~~~~~~~~~~~~~~~~~~~~~~~~~~
    + CategoryInfo          : NotSpecified: (Processing...:String) [], RemoteException
    + FullyQualifiedErrorId : NativeCommandError
.\du.exe : Processing...
At C:\HashCheck\hashcheck.ps1:57 char:32
+ ...              $hashstring2 = .\du.exe $destinationHashLocation | Selec ...
+                                 ~~~~~~~~~~~~~~~~~~~~~~~~~~~~~~~~~
    + CategoryInfo          : NotSpecified: (Processing...:String) [], RemoteException
    + FullyQualifiedErrorId : NativeCommandError




.\du.exe : Processing...
At C:\HashCheck\hashcheck.ps1:48 char:32
+                 $hashstring1 = .\du.exe $sourceHashLocation | Select- ...
+                                ~~~~~~~~~~~~~~~~~~~~~~~~~~~~
    + CategoryInfo          : NotSpecified: (Processing...:String) [], RemoteException
    + FullyQualifiedErrorId : NativeCommandError
.\du.exe : Processing...
At C:\HashCheck\hashcheck.ps1:48 char:32
+                 $hashstring1 = .\du.exe $sourceHashLocation | Select- ...
+                                ~~~~~~~~~~~~~~~~~~~~~~~~~~~~
    + CategoryInfo          : NotSpecified: (Processing...:String) [], RemoteException
    + FullyQualifiedErrorId : NativeCommandError




.\du.exe : Processing...
At C:\HashCheck\hashcheck.ps1:57 char:32
+ ...              $hashstring2 = .\du.exe $destinationHashLocation | Selec ...
+                                 ~~~~~~~~~~~~~~~~~~~~~~~~~~~~~~~~~
    + CategoryInfo          : NotSpecified: (Processing...:String) [], RemoteException
    + FullyQualifiedErrorId : NativeCommandError
.\du.exe : Processing...
At C:\HashCheck\hashcheck.ps1:57 char:32
+ ...              $hashstring2 = .\du.exe $destinationHashLocation | Selec ...
+                                 ~~~~~~~~~~~~~~~~~~~~~~~~~~~~~~~~~
    + CategoryInfo          : NotSpecified: (Processing...:String) [], RemoteException
    + FullyQualifiedErrorId : NativeCommandError




.\du.exe : Processing...
At C:\HashCheck\hashcheck.ps1:48 char:32
+                 $hashstring1 = .\du.exe $sourceHashLocation | Select- ...
+                                ~~~~~~~~~~~~~~~~~~~~~~~~~~~~
    + CategoryInfo          : NotSpecified: (Processing...:String) [], RemoteException
    + FullyQualifiedErrorId : NativeCommandError
.\du.exe : Processing...
At C:\HashCheck\hashcheck.ps1:48 char:32
+                 $hashstring1 = .\du.exe $sourceHashLocation | Select- ...
+                                ~~~~~~~~~~~~~~~~~~~~~~~~~~~~
    + CategoryInfo          : NotSpecified: (Processing...:String) [], RemoteException
    + FullyQualifiedErrorId : NativeCommandError




.\du.exe : Processing...
At C:\HashCheck\hashcheck.ps1:57 char:32
+ ...              $hashstring2 = .\du.exe $destinationHashLocation | Selec ...
+                                 ~~~~~~~~~~~~~~~~~~~~~~~~~~~~~~~~~
    + CategoryInfo          : NotSpecified: (Processing...:String) [], RemoteException
    + FullyQualifiedErrorId : NativeCommandError
.\du.exe : Processing...
At C:\HashCheck\hashcheck.ps1:57 char:32
+ ...              $hashstring2 = .\du.exe $destinationHashLocation | Selec ...
+                                 ~~~~~~~~~~~~~~~~~~~~~~~~~~~~~~~~~
    + CategoryInfo          : NotSpecified: (Processing...:String) [], RemoteException
    + FullyQualifiedErrorId : NativeCommandError




**********************
Windows PowerShell transcript end
End time: 20220414100336
**********************
